<?xml version="1.0" encoding="UTF-8"?>
<!-- Generated by org.testng.reporters.JUnitReportReporter -->
<testsuite hostname="DESKTOP-AP4JK8A" failures="0" tests="4" name="com.seleniumpracticeforms.testCases.TC_PracticeFormsDDT_002" time="50.206" errors="0" timestamp="2024-01-28T23:03:32 IST" skipped="0">
  <testcase classname="com.seleniumpracticeforms.testCases.TC_PracticeFormsDDT_002" name="PracticeFormsDDT" time="4.971"/>
  <system-out/>
  <testcase classname="com.seleniumpracticeforms.testCases.TC_PracticeFormsDDT_002" name="PracticeFormsDDT" time="4.229"/>
  <system-out/>
  <testcase classname="com.seleniumpracticeforms.testCases.TC_PracticeFormsDDT_002" name="PracticeFormsDDT" time="36.800"/>
  <system-out/>
  <testcase classname="com.seleniumpracticeforms.testCases.TC_PracticeFormsDDT_002" name="PracticeFormsDDT" time="4.206"/>
  <system-out/>
</testsuite> <!-- com.seleniumpracticeforms.testCases.TC_PracticeFormsDDT_002 -->
