<?xml version="1.0" encoding="UTF-8"?>
<!-- Generated by org.testng.reporters.JUnitReportReporter -->
<testsuite hostname="DESKTOP-AP4JK8A" failures="0" tests="1" name="com.seleniumpracticeforms.testCases.TC_PracticeForms_001" time="43.019" errors="0" timestamp="2024-01-28T23:03:32 IST" skipped="0">
  <testcase classname="com.seleniumpracticeforms.testCases.TC_PracticeForms_001" name="PracticeForms" time="43.019"/>
  <system-out/>
</testsuite> <!-- com.seleniumpracticeforms.testCases.TC_PracticeForms_001 -->
